-------------------------------------------------------------------------------
Test set: TestSuite
-------------------------------------------------------------------------------
Tests run: 4, Failures: 1, Errors: 0, Skipped: 0, Time elapsed: 271.301 s <<< FAILURE! - in TestSuite
Selenium.FIllDetailsFromExcelAndWriteInExcel  Time elapsed: 3.177 s  <<< FAILURE!
java.lang.NullPointerException
	at Selenium.FIllDetailsFromExcelAndWriteInExcel(Selenium.java:104)

